Determining if the pthread_create exist failed with the following output:
Change Dir: /home/ricardo/catkin_ws/build/CMakeFiles/CMakeTmp

Run Build Command:/usr/bin/make "cmTryCompileExec276339965/fast"
/usr/bin/make -f CMakeFiles/cmTryCompileExec276339965.dir/build.make CMakeFiles/cmTryCompileExec276339965.dir/build
make[1]: Entering directory `/home/ricardo/catkin_ws/build/CMakeFiles/CMakeTmp'
/usr/bin/cmake -E cmake_progress_report /home/ricardo/catkin_ws/build/CMakeFiles/CMakeTmp/CMakeFiles 1
Building C object CMakeFiles/cmTryCompileExec276339965.dir/CheckSymbolExists.c.o
/usr/bin/cc    -o CMakeFiles/cmTryCompileExec276339965.dir/CheckSymbolExists.c.o   -c /home/ricardo/catkin_ws/build/CMakeFiles/CMakeTmp/CheckSymbolExists.c
Linking C executable cmTryCompileExec276339965
/usr/bin/cmake -E cmake_link_script CMakeFiles/cmTryCompileExec276339965.dir/link.txt --verbose=1
/usr/bin/cc       CMakeFiles/cmTryCompileExec276339965.dir/CheckSymbolExists.c.o  -o cmTryCompileExec276339965 -rdynamic 
CMakeFiles/cmTryCompileExec276339965.dir/CheckSymbolExists.c.o: In function `main':
CheckSymbolExists.c:(.text+0x16): undefined reference to `pthread_create'
collect2: error: ld returned 1 exit status
make[1]: *** [cmTryCompileExec276339965] Error 1
make[1]: Leaving directory `/home/ricardo/catkin_ws/build/CMakeFiles/CMakeTmp'
make: *** [cmTryCompileExec276339965/fast] Error 2

File /home/ricardo/catkin_ws/build/CMakeFiles/CMakeTmp/CheckSymbolExists.c:
/* */
#include <pthread.h>

int main(int argc, char** argv)
{
  (void)argv;
#ifndef pthread_create
  return ((int*)(&pthread_create))[argc];
#else
  (void)argc;
  return 0;
#endif
}

Determining if the function pthread_create exists in the pthreads failed with the following output:
Change Dir: /home/ricardo/catkin_ws/build/CMakeFiles/CMakeTmp

Run Build Command:/usr/bin/make "cmTryCompileExec395100630/fast"
/usr/bin/make -f CMakeFiles/cmTryCompileExec395100630.dir/build.make CMakeFiles/cmTryCompileExec395100630.dir/build
make[1]: Entering directory `/home/ricardo/catkin_ws/build/CMakeFiles/CMakeTmp'
/usr/bin/cmake -E cmake_progress_report /home/ricardo/catkin_ws/build/CMakeFiles/CMakeTmp/CMakeFiles 1
Building C object CMakeFiles/cmTryCompileExec395100630.dir/CheckFunctionExists.c.o
/usr/bin/cc   -DCHECK_FUNCTION_EXISTS=pthread_create   -o CMakeFiles/cmTryCompileExec395100630.dir/CheckFunctionExists.c.o   -c /usr/share/cmake-2.8/Modules/CheckFunctionExists.c
Linking C executable cmTryCompileExec395100630
/usr/bin/cmake -E cmake_link_script CMakeFiles/cmTryCompileExec395100630.dir/link.txt --verbose=1
/usr/bin/cc   -DCHECK_FUNCTION_EXISTS=pthread_create    CMakeFiles/cmTryCompileExec395100630.dir/CheckFunctionExists.c.o  -o cmTryCompileExec395100630 -rdynamic -lpthreads 
/usr/bin/ld: cannot find -lpthreads
collect2: error: ld returned 1 exit status
make[1]: *** [cmTryCompileExec395100630] Error 1
make[1]: Leaving directory `/home/ricardo/catkin_ws/build/CMakeFiles/CMakeTmp'
make: *** [cmTryCompileExec395100630/fast] Error 2


