The system is: Linux - 4.9.19-v7+ - armv7l
Compiling the C compiler identification source file "CMakeCCompilerId.c" succeeded.
Compiler: /usr/bin/cc 
Build flags: 
Id flags: 

The output was:
0


Compilation of the C compiler identification source "CMakeCCompilerId.c" produced "a.out"

The C compiler identification is GNU, found in "/home/pi/Documents/robomagellan/Codigos/Raspberry/ROS/catkin_Leticia/build/CMakeFiles/3.6.2/CompilerIdC/a.out"

Compiling the CXX compiler identification source file "CMakeCXXCompilerId.cpp" succeeded.
Compiler: /usr/bin/c++ 
Build flags: 
Id flags: 

The output was:
0


Compilation of the CXX compiler identification source "CMakeCXXCompilerId.cpp" produced "a.out"

The CXX compiler identification is GNU, found in "/home/pi/Documents/robomagellan/Codigos/Raspberry/ROS/catkin_Leticia/build/CMakeFiles/3.6.2/CompilerIdCXX/a.out"

Determining if the C compiler works passed with the following output:
Change Dir: /home/pi/Documents/robomagellan/Codigos/Raspberry/ROS/catkin_Leticia/build/CMakeFiles/CMakeTmp

Run Build Command:"/usr/bin/make" "cmTC_7b37b/fast"
/usr/bin/make -f CMakeFiles/cmTC_7b37b.dir/build.make CMakeFiles/cmTC_7b37b.dir/build
make[1]: Entering directory '/home/pi/Documents/robomagellan/Codigos/Raspberry/ROS/catkin_Leticia/build/CMakeFiles/CMakeTmp'
Building C object CMakeFiles/cmTC_7b37b.dir/testCCompiler.c.o
/usr/bin/cc     -o CMakeFiles/cmTC_7b37b.dir/testCCompiler.c.o   -c /home/pi/Documents/robomagellan/Codigos/Raspberry/ROS/catkin_Leticia/build/CMakeFiles/CMakeTmp/testCCompiler.c
Linking C executable cmTC_7b37b
/usr/bin/cmake -E cmake_link_script CMakeFiles/cmTC_7b37b.dir/link.txt --verbose=1
/usr/bin/cc       CMakeFiles/cmTC_7b37b.dir/testCCompiler.c.o  -o cmTC_7b37b -rdynamic 
make[1]: Leaving directory '/home/pi/Documents/robomagellan/Codigos/Raspberry/ROS/catkin_Leticia/build/CMakeFiles/CMakeTmp'


Detecting C compiler ABI info compiled with the following output:
Change Dir: /home/pi/Documents/robomagellan/Codigos/Raspberry/ROS/catkin_Leticia/build/CMakeFiles/CMakeTmp

Run Build Command:"/usr/bin/make" "cmTC_61bbb/fast"
/usr/bin/make -f CMakeFiles/cmTC_61bbb.dir/build.make CMakeFiles/cmTC_61bbb.dir/build
make[1]: Entering directory '/home/pi/Documents/robomagellan/Codigos/Raspberry/ROS/catkin_Leticia/build/CMakeFiles/CMakeTmp'
Building C object CMakeFiles/cmTC_61bbb.dir/CMakeCCompilerABI.c.o
/usr/bin/cc     -o CMakeFiles/cmTC_61bbb.dir/CMakeCCompilerABI.c.o   -c /usr/share/cmake-3.6/Modules/CMakeCCompilerABI.c
Linking C executable cmTC_61bbb
/usr/bin/cmake -E cmake_link_script CMakeFiles/cmTC_61bbb.dir/link.txt --verbose=1
/usr/bin/cc      -v CMakeFiles/cmTC_61bbb.dir/CMakeCCompilerABI.c.o  -o cmTC_61bbb -rdynamic  
Using built-in specs.
COLLECT_GCC=/usr/bin/cc
COLLECT_LTO_WRAPPER=/usr/lib/gcc/arm-linux-gnueabihf/4.7/lto-wrapper
Target: arm-linux-gnueabihf
Configured with: ../src/configure -v --with-pkgversion='Raspbian 4.7.3-11+rpi1' --with-bugurl=file:///usr/share/doc/gcc-4.7/README.Bugs --enable-languages=c,c++,go,fortran,objc,obj-c++ --prefix=/usr --program-suffix=-4.7 --enable-shared --enable-linker-build-id --libexecdir=/usr/lib --without-included-gettext --enable-threads=posix --with-gxx-include-dir=/usr/include/c++/4.7 --libdir=/usr/lib --enable-nls --with-sysroot=/ --enable-clocale=gnu --enable-libstdcxx-debug --enable-gnu-unique-object --disable-libmudflap --disable-libitm --enable-plugin --with-system-zlib --enable-objc-gc --enable-multiarch --disable-sjlj-exceptions --with-arch=armv6 --with-fpu=vfp --with-float=hard --enable-checking=release --build=arm-linux-gnueabihf --host=arm-linux-gnueabihf --target=arm-linux-gnueabihf
Thread model: posix
gcc version 4.7.3 (Raspbian 4.7.3-11+rpi1) 
COMPILER_PATH=/usr/lib/gcc/arm-linux-gnueabihf/4.7/:/usr/lib/gcc/arm-linux-gnueabihf/4.7/:/usr/lib/gcc/arm-linux-gnueabihf/:/usr/lib/gcc/arm-linux-gnueabihf/4.7/:/usr/lib/gcc/arm-linux-gnueabihf/
LIBRARY_PATH=/usr/lib/gcc/arm-linux-gnueabihf/4.7/:/usr/lib/gcc/arm-linux-gnueabihf/4.7/../../../arm-linux-gnueabihf/:/usr/lib/gcc/arm-linux-gnueabihf/4.7/../../../:/lib/arm-linux-gnueabihf/:/lib/:/usr/lib/arm-linux-gnueabihf/:/usr/lib/
COLLECT_GCC_OPTIONS='-v' '-o' 'cmTC_61bbb' '-rdynamic' '-march=armv6' '-mfloat-abi=hard' '-mfpu=vfp' '-mtls-dialect=gnu'
 /usr/lib/gcc/arm-linux-gnueabihf/4.7/collect2 --sysroot=/ --build-id --eh-frame-hdr -export-dynamic -dynamic-linker /lib/ld-linux-armhf.so.3 -X --hash-style=gnu -m armelf_linux_eabi -o cmTC_61bbb /usr/lib/gcc/arm-linux-gnueabihf/4.7/../../../arm-linux-gnueabihf/crt1.o /usr/lib/gcc/arm-linux-gnueabihf/4.7/../../../arm-linux-gnueabihf/crti.o /usr/lib/gcc/arm-linux-gnueabihf/4.7/crtbegin.o -L/usr/lib/gcc/arm-linux-gnueabihf/4.7 -L/usr/lib/gcc/arm-linux-gnueabihf/4.7/../../../arm-linux-gnueabihf -L/usr/lib/gcc/arm-linux-gnueabihf/4.7/../../.. -L/lib/arm-linux-gnueabihf -L/usr/lib/arm-linux-gnueabihf CMakeFiles/cmTC_61bbb.dir/CMakeCCompilerABI.c.o -lgcc --as-needed -lgcc_s --no-as-needed -lc -lgcc --as-needed -lgcc_s --no-as-needed /usr/lib/gcc/arm-linux-gnueabihf/4.7/crtend.o /usr/lib/gcc/arm-linux-gnueabihf/4.7/../../../arm-linux-gnueabihf/crtn.o
make[1]: Leaving directory '/home/pi/Documents/robomagellan/Codigos/Raspberry/ROS/catkin_Leticia/build/CMakeFiles/CMakeTmp'


Parsed C implicit link information from above output:
  link line regex: [^( *|.*[/\])(ld|([^/\]+-)?ld|collect2)[^/\]*( |$)]
  ignore line: [Change Dir: /home/pi/Documents/robomagellan/Codigos/Raspberry/ROS/catkin_Leticia/build/CMakeFiles/CMakeTmp]
  ignore line: []
  ignore line: [Run Build Command:"/usr/bin/make" "cmTC_61bbb/fast"]
  ignore line: [/usr/bin/make -f CMakeFiles/cmTC_61bbb.dir/build.make CMakeFiles/cmTC_61bbb.dir/build]
  ignore line: [make[1]: Entering directory '/home/pi/Documents/robomagellan/Codigos/Raspberry/ROS/catkin_Leticia/build/CMakeFiles/CMakeTmp']
  ignore line: [Building C object CMakeFiles/cmTC_61bbb.dir/CMakeCCompilerABI.c.o]
  ignore line: [/usr/bin/cc     -o CMakeFiles/cmTC_61bbb.dir/CMakeCCompilerABI.c.o   -c /usr/share/cmake-3.6/Modules/CMakeCCompilerABI.c]
  ignore line: [Linking C executable cmTC_61bbb]
  ignore line: [/usr/bin/cmake -E cmake_link_script CMakeFiles/cmTC_61bbb.dir/link.txt --verbose=1]
  ignore line: [/usr/bin/cc      -v CMakeFiles/cmTC_61bbb.dir/CMakeCCompilerABI.c.o  -o cmTC_61bbb -rdynamic  ]
  ignore line: [Using built-in specs.]
  ignore line: [COLLECT_GCC=/usr/bin/cc]
  ignore line: [COLLECT_LTO_WRAPPER=/usr/lib/gcc/arm-linux-gnueabihf/4.7/lto-wrapper]
  ignore line: [Target: arm-linux-gnueabihf]
  ignore line: [Configured with: ../src/configure -v --with-pkgversion='Raspbian 4.7.3-11+rpi1' --with-bugurl=file:///usr/share/doc/gcc-4.7/README.Bugs --enable-languages=c,c++,go,fortran,objc,obj-c++ --prefix=/usr --program-suffix=-4.7 --enable-shared --enable-linker-build-id --libexecdir=/usr/lib --without-included-gettext --enable-threads=posix --with-gxx-include-dir=/usr/include/c++/4.7 --libdir=/usr/lib --enable-nls --with-sysroot=/ --enable-clocale=gnu --enable-libstdcxx-debug --enable-gnu-unique-object --disable-libmudflap --disable-libitm --enable-plugin --with-system-zlib --enable-objc-gc --enable-multiarch --disable-sjlj-exceptions --with-arch=armv6 --with-fpu=vfp --with-float=hard --enable-checking=release --build=arm-linux-gnueabihf --host=arm-linux-gnueabihf --target=arm-linux-gnueabihf]
  ignore line: [Thread model: posix]
  ignore line: [gcc version 4.7.3 (Raspbian 4.7.3-11+rpi1) ]
  ignore line: [COMPILER_PATH=/usr/lib/gcc/arm-linux-gnueabihf/4.7/:/usr/lib/gcc/arm-linux-gnueabihf/4.7/:/usr/lib/gcc/arm-linux-gnueabihf/:/usr/lib/gcc/arm-linux-gnueabihf/4.7/:/usr/lib/gcc/arm-linux-gnueabihf/]
  ignore line: [LIBRARY_PATH=/usr/lib/gcc/arm-linux-gnueabihf/4.7/:/usr/lib/gcc/arm-linux-gnueabihf/4.7/../../../arm-linux-gnueabihf/:/usr/lib/gcc/arm-linux-gnueabihf/4.7/../../../:/lib/arm-linux-gnueabihf/:/lib/:/usr/lib/arm-linux-gnueabihf/:/usr/lib/]
  ignore line: [COLLECT_GCC_OPTIONS='-v' '-o' 'cmTC_61bbb' '-rdynamic' '-march=armv6' '-mfloat-abi=hard' '-mfpu=vfp' '-mtls-dialect=gnu']
  link line: [ /usr/lib/gcc/arm-linux-gnueabihf/4.7/collect2 --sysroot=/ --build-id --eh-frame-hdr -export-dynamic -dynamic-linker /lib/ld-linux-armhf.so.3 -X --hash-style=gnu -m armelf_linux_eabi -o cmTC_61bbb /usr/lib/gcc/arm-linux-gnueabihf/4.7/../../../arm-linux-gnueabihf/crt1.o /usr/lib/gcc/arm-linux-gnueabihf/4.7/../../../arm-linux-gnueabihf/crti.o /usr/lib/gcc/arm-linux-gnueabihf/4.7/crtbegin.o -L/usr/lib/gcc/arm-linux-gnueabihf/4.7 -L/usr/lib/gcc/arm-linux-gnueabihf/4.7/../../../arm-linux-gnueabihf -L/usr/lib/gcc/arm-linux-gnueabihf/4.7/../../.. -L/lib/arm-linux-gnueabihf -L/usr/lib/arm-linux-gnueabihf CMakeFiles/cmTC_61bbb.dir/CMakeCCompilerABI.c.o -lgcc --as-needed -lgcc_s --no-as-needed -lc -lgcc --as-needed -lgcc_s --no-as-needed /usr/lib/gcc/arm-linux-gnueabihf/4.7/crtend.o /usr/lib/gcc/arm-linux-gnueabihf/4.7/../../../arm-linux-gnueabihf/crtn.o]
    arg [/usr/lib/gcc/arm-linux-gnueabihf/4.7/collect2] ==> ignore
    arg [--sysroot=/] ==> ignore
    arg [--build-id] ==> ignore
    arg [--eh-frame-hdr] ==> ignore
    arg [-export-dynamic] ==> ignore
    arg [-dynamic-linker] ==> ignore
    arg [/lib/ld-linux-armhf.so.3] ==> ignore
    arg [-X] ==> ignore
    arg [--hash-style=gnu] ==> ignore
    arg [-m] ==> ignore
    arg [armelf_linux_eabi] ==> ignore
    arg [-o] ==> ignore
    arg [cmTC_61bbb] ==> ignore
    arg [/usr/lib/gcc/arm-linux-gnueabihf/4.7/../../../arm-linux-gnueabihf/crt1.o] ==> ignore
    arg [/usr/lib/gcc/arm-linux-gnueabihf/4.7/../../../arm-linux-gnueabihf/crti.o] ==> ignore
    arg [/usr/lib/gcc/arm-linux-gnueabihf/4.7/crtbegin.o] ==> ignore
    arg [-L/usr/lib/gcc/arm-linux-gnueabihf/4.7] ==> dir [/usr/lib/gcc/arm-linux-gnueabihf/4.7]
    arg [-L/usr/lib/gcc/arm-linux-gnueabihf/4.7/../../../arm-linux-gnueabihf] ==> dir [/usr/lib/gcc/arm-linux-gnueabihf/4.7/../../../arm-linux-gnueabihf]
    arg [-L/usr/lib/gcc/arm-linux-gnueabihf/4.7/../../..] ==> dir [/usr/lib/gcc/arm-linux-gnueabihf/4.7/../../..]
    arg [-L/lib/arm-linux-gnueabihf] ==> dir [/lib/arm-linux-gnueabihf]
    arg [-L/usr/lib/arm-linux-gnueabihf] ==> dir [/usr/lib/arm-linux-gnueabihf]
    arg [CMakeFiles/cmTC_61bbb.dir/CMakeCCompilerABI.c.o] ==> ignore
    arg [-lgcc] ==> lib [gcc]
    arg [--as-needed] ==> ignore
    arg [-lgcc_s] ==> lib [gcc_s]
    arg [--no-as-needed] ==> ignore
    arg [-lc] ==> lib [c]
    arg [-lgcc] ==> lib [gcc]
    arg [--as-needed] ==> ignore
    arg [-lgcc_s] ==> lib [gcc_s]
    arg [--no-as-needed] ==> ignore
    arg [/usr/lib/gcc/arm-linux-gnueabihf/4.7/crtend.o] ==> ignore
    arg [/usr/lib/gcc/arm-linux-gnueabihf/4.7/../../../arm-linux-gnueabihf/crtn.o] ==> ignore
  remove lib [gcc]
  remove lib [gcc_s]
  remove lib [gcc]
  remove lib [gcc_s]
  collapse library dir [/usr/lib/gcc/arm-linux-gnueabihf/4.7] ==> [/usr/lib/gcc/arm-linux-gnueabihf/4.7]
  collapse library dir [/usr/lib/gcc/arm-linux-gnueabihf/4.7/../../../arm-linux-gnueabihf] ==> [/usr/lib/arm-linux-gnueabihf]
  collapse library dir [/usr/lib/gcc/arm-linux-gnueabihf/4.7/../../..] ==> [/usr/lib]
  collapse library dir [/lib/arm-linux-gnueabihf] ==> [/lib/arm-linux-gnueabihf]
  collapse library dir [/usr/lib/arm-linux-gnueabihf] ==> [/usr/lib/arm-linux-gnueabihf]
  implicit libs: [c]
  implicit dirs: [/usr/lib/gcc/arm-linux-gnueabihf/4.7;/usr/lib/arm-linux-gnueabihf;/usr/lib;/lib/arm-linux-gnueabihf]
  implicit fwks: []




Detecting C [-std=c11] compiler features compiled with the following output:
Change Dir: /home/pi/Documents/robomagellan/Codigos/Raspberry/ROS/catkin_Leticia/build/CMakeFiles/CMakeTmp

Run Build Command:"/usr/bin/make" "cmTC_99463/fast"
/usr/bin/make -f CMakeFiles/cmTC_99463.dir/build.make CMakeFiles/cmTC_99463.dir/build
make[1]: Entering directory '/home/pi/Documents/robomagellan/Codigos/Raspberry/ROS/catkin_Leticia/build/CMakeFiles/CMakeTmp'
Building C object CMakeFiles/cmTC_99463.dir/feature_tests.c.o
/usr/bin/cc    -std=c11 -o CMakeFiles/cmTC_99463.dir/feature_tests.c.o   -c /home/pi/Documents/robomagellan/Codigos/Raspberry/ROS/catkin_Leticia/build/CMakeFiles/feature_tests.c
Linking C executable cmTC_99463
/usr/bin/cmake -E cmake_link_script CMakeFiles/cmTC_99463.dir/link.txt --verbose=1
/usr/bin/cc       CMakeFiles/cmTC_99463.dir/feature_tests.c.o  -o cmTC_99463 -rdynamic 
make[1]: Leaving directory '/home/pi/Documents/robomagellan/Codigos/Raspberry/ROS/catkin_Leticia/build/CMakeFiles/CMakeTmp'


    Feature record: C_FEATURE:1c_function_prototypes
    Feature record: C_FEATURE:1c_restrict
    Feature record: C_FEATURE:1c_static_assert
    Feature record: C_FEATURE:1c_variadic_macros


Detecting C [-std=c99] compiler features compiled with the following output:
Change Dir: /home/pi/Documents/robomagellan/Codigos/Raspberry/ROS/catkin_Leticia/build/CMakeFiles/CMakeTmp

Run Build Command:"/usr/bin/make" "cmTC_8d260/fast"
/usr/bin/make -f CMakeFiles/cmTC_8d260.dir/build.make CMakeFiles/cmTC_8d260.dir/build
make[1]: Entering directory '/home/pi/Documents/robomagellan/Codigos/Raspberry/ROS/catkin_Leticia/build/CMakeFiles/CMakeTmp'
Building C object CMakeFiles/cmTC_8d260.dir/feature_tests.c.o
/usr/bin/cc    -std=c99 -o CMakeFiles/cmTC_8d260.dir/feature_tests.c.o   -c /home/pi/Documents/robomagellan/Codigos/Raspberry/ROS/catkin_Leticia/build/CMakeFiles/feature_tests.c
Linking C executable cmTC_8d260
/usr/bin/cmake -E cmake_link_script CMakeFiles/cmTC_8d260.dir/link.txt --verbose=1
/usr/bin/cc       CMakeFiles/cmTC_8d260.dir/feature_tests.c.o  -o cmTC_8d260 -rdynamic 
make[1]: Leaving directory '/home/pi/Documents/robomagellan/Codigos/Raspberry/ROS/catkin_Leticia/build/CMakeFiles/CMakeTmp'


    Feature record: C_FEATURE:1c_function_prototypes
    Feature record: C_FEATURE:1c_restrict
    Feature record: C_FEATURE:0c_static_assert
    Feature record: C_FEATURE:1c_variadic_macros


Detecting C [-std=c90] compiler features compiled with the following output:
Change Dir: /home/pi/Documents/robomagellan/Codigos/Raspberry/ROS/catkin_Leticia/build/CMakeFiles/CMakeTmp

Run Build Command:"/usr/bin/make" "cmTC_cc036/fast"
/usr/bin/make -f CMakeFiles/cmTC_cc036.dir/build.make CMakeFiles/cmTC_cc036.dir/build
make[1]: Entering directory '/home/pi/Documents/robomagellan/Codigos/Raspberry/ROS/catkin_Leticia/build/CMakeFiles/CMakeTmp'
Building C object CMakeFiles/cmTC_cc036.dir/feature_tests.c.o
/usr/bin/cc    -std=c90 -o CMakeFiles/cmTC_cc036.dir/feature_tests.c.o   -c /home/pi/Documents/robomagellan/Codigos/Raspberry/ROS/catkin_Leticia/build/CMakeFiles/feature_tests.c
Linking C executable cmTC_cc036
/usr/bin/cmake -E cmake_link_script CMakeFiles/cmTC_cc036.dir/link.txt --verbose=1
/usr/bin/cc       CMakeFiles/cmTC_cc036.dir/feature_tests.c.o  -o cmTC_cc036 -rdynamic 
make[1]: Leaving directory '/home/pi/Documents/robomagellan/Codigos/Raspberry/ROS/catkin_Leticia/build/CMakeFiles/CMakeTmp'


    Feature record: C_FEATURE:1c_function_prototypes
    Feature record: C_FEATURE:0c_restrict
    Feature record: C_FEATURE:0c_static_assert
    Feature record: C_FEATURE:0c_variadic_macros
Determining if the CXX compiler works passed with the following output:
Change Dir: /home/pi/Documents/robomagellan/Codigos/Raspberry/ROS/catkin_Leticia/build/CMakeFiles/CMakeTmp

Run Build Command:"/usr/bin/make" "cmTC_0f5d9/fast"
/usr/bin/make -f CMakeFiles/cmTC_0f5d9.dir/build.make CMakeFiles/cmTC_0f5d9.dir/build
make[1]: Entering directory '/home/pi/Documents/robomagellan/Codigos/Raspberry/ROS/catkin_Leticia/build/CMakeFiles/CMakeTmp'
Building CXX object CMakeFiles/cmTC_0f5d9.dir/testCXXCompiler.cxx.o
/usr/bin/c++      -o CMakeFiles/cmTC_0f5d9.dir/testCXXCompiler.cxx.o -c /home/pi/Documents/robomagellan/Codigos/Raspberry/ROS/catkin_Leticia/build/CMakeFiles/CMakeTmp/testCXXCompiler.cxx
Linking CXX executable cmTC_0f5d9
/usr/bin/cmake -E cmake_link_script CMakeFiles/cmTC_0f5d9.dir/link.txt --verbose=1
/usr/bin/c++        CMakeFiles/cmTC_0f5d9.dir/testCXXCompiler.cxx.o  -o cmTC_0f5d9 -rdynamic 
make[1]: Leaving directory '/home/pi/Documents/robomagellan/Codigos/Raspberry/ROS/catkin_Leticia/build/CMakeFiles/CMakeTmp'


Detecting CXX compiler ABI info compiled with the following output:
Change Dir: /home/pi/Documents/robomagellan/Codigos/Raspberry/ROS/catkin_Leticia/build/CMakeFiles/CMakeTmp

Run Build Command:"/usr/bin/make" "cmTC_32b5e/fast"
/usr/bin/make -f CMakeFiles/cmTC_32b5e.dir/build.make CMakeFiles/cmTC_32b5e.dir/build
make[1]: Entering directory '/home/pi/Documents/robomagellan/Codigos/Raspberry/ROS/catkin_Leticia/build/CMakeFiles/CMakeTmp'
Building CXX object CMakeFiles/cmTC_32b5e.dir/CMakeCXXCompilerABI.cpp.o
/usr/bin/c++      -o CMakeFiles/cmTC_32b5e.dir/CMakeCXXCompilerABI.cpp.o -c /usr/share/cmake-3.6/Modules/CMakeCXXCompilerABI.cpp
Linking CXX executable cmTC_32b5e
/usr/bin/cmake -E cmake_link_script CMakeFiles/cmTC_32b5e.dir/link.txt --verbose=1
/usr/bin/c++       -v CMakeFiles/cmTC_32b5e.dir/CMakeCXXCompilerABI.cpp.o  -o cmTC_32b5e -rdynamic  
Using built-in specs.
COLLECT_GCC=/usr/bin/c++
COLLECT_LTO_WRAPPER=/usr/lib/gcc/arm-linux-gnueabihf/4.7/lto-wrapper
Target: arm-linux-gnueabihf
Configured with: ../src/configure -v --with-pkgversion='Raspbian 4.7.3-11+rpi1' --with-bugurl=file:///usr/share/doc/gcc-4.7/README.Bugs --enable-languages=c,c++,go,fortran,objc,obj-c++ --prefix=/usr --program-suffix=-4.7 --enable-shared --enable-linker-build-id --libexecdir=/usr/lib --without-included-gettext --enable-threads=posix --with-gxx-include-dir=/usr/include/c++/4.7 --libdir=/usr/lib --enable-nls --with-sysroot=/ --enable-clocale=gnu --enable-libstdcxx-debug --enable-gnu-unique-object --disable-libmudflap --disable-libitm --enable-plugin --with-system-zlib --enable-objc-gc --enable-multiarch --disable-sjlj-exceptions --with-arch=armv6 --with-fpu=vfp --with-float=hard --enable-checking=release --build=arm-linux-gnueabihf --host=arm-linux-gnueabihf --target=arm-linux-gnueabihf
Thread model: posix
gcc version 4.7.3 (Raspbian 4.7.3-11+rpi1) 
COMPILER_PATH=/usr/lib/gcc/arm-linux-gnueabihf/4.7/:/usr/lib/gcc/arm-linux-gnueabihf/4.7/:/usr/lib/gcc/arm-linux-gnueabihf/:/usr/lib/gcc/arm-linux-gnueabihf/4.7/:/usr/lib/gcc/arm-linux-gnueabihf/
LIBRARY_PATH=/usr/lib/gcc/arm-linux-gnueabihf/4.7/:/usr/lib/gcc/arm-linux-gnueabihf/4.7/../../../arm-linux-gnueabihf/:/usr/lib/gcc/arm-linux-gnueabihf/4.7/../../../:/lib/arm-linux-gnueabihf/:/lib/:/usr/lib/arm-linux-gnueabihf/:/usr/lib/
COLLECT_GCC_OPTIONS='-v' '-o' 'cmTC_32b5e' '-rdynamic' '-shared-libgcc' '-march=armv6' '-mfloat-abi=hard' '-mfpu=vfp' '-mtls-dialect=gnu'
 /usr/lib/gcc/arm-linux-gnueabihf/4.7/collect2 --sysroot=/ --build-id --eh-frame-hdr -export-dynamic -dynamic-linker /lib/ld-linux-armhf.so.3 -X --hash-style=gnu -m armelf_linux_eabi -o cmTC_32b5e /usr/lib/gcc/arm-linux-gnueabihf/4.7/../../../arm-linux-gnueabihf/crt1.o /usr/lib/gcc/arm-linux-gnueabihf/4.7/../../../arm-linux-gnueabihf/crti.o /usr/lib/gcc/arm-linux-gnueabihf/4.7/crtbegin.o -L/usr/lib/gcc/arm-linux-gnueabihf/4.7 -L/usr/lib/gcc/arm-linux-gnueabihf/4.7/../../../arm-linux-gnueabihf -L/usr/lib/gcc/arm-linux-gnueabihf/4.7/../../.. -L/lib/arm-linux-gnueabihf -L/usr/lib/arm-linux-gnueabihf CMakeFiles/cmTC_32b5e.dir/CMakeCXXCompilerABI.cpp.o -lstdc++ -lm -lgcc_s -lgcc -lc -lgcc_s -lgcc /usr/lib/gcc/arm-linux-gnueabihf/4.7/crtend.o /usr/lib/gcc/arm-linux-gnueabihf/4.7/../../../arm-linux-gnueabihf/crtn.o
make[1]: Leaving directory '/home/pi/Documents/robomagellan/Codigos/Raspberry/ROS/catkin_Leticia/build/CMakeFiles/CMakeTmp'


Parsed CXX implicit link information from above output:
  link line regex: [^( *|.*[/\])(ld|([^/\]+-)?ld|collect2)[^/\]*( |$)]
  ignore line: [Change Dir: /home/pi/Documents/robomagellan/Codigos/Raspberry/ROS/catkin_Leticia/build/CMakeFiles/CMakeTmp]
  ignore line: []
  ignore line: [Run Build Command:"/usr/bin/make" "cmTC_32b5e/fast"]
  ignore line: [/usr/bin/make -f CMakeFiles/cmTC_32b5e.dir/build.make CMakeFiles/cmTC_32b5e.dir/build]
  ignore line: [make[1]: Entering directory '/home/pi/Documents/robomagellan/Codigos/Raspberry/ROS/catkin_Leticia/build/CMakeFiles/CMakeTmp']
  ignore line: [Building CXX object CMakeFiles/cmTC_32b5e.dir/CMakeCXXCompilerABI.cpp.o]
  ignore line: [/usr/bin/c++      -o CMakeFiles/cmTC_32b5e.dir/CMakeCXXCompilerABI.cpp.o -c /usr/share/cmake-3.6/Modules/CMakeCXXCompilerABI.cpp]
  ignore line: [Linking CXX executable cmTC_32b5e]
  ignore line: [/usr/bin/cmake -E cmake_link_script CMakeFiles/cmTC_32b5e.dir/link.txt --verbose=1]
  ignore line: [/usr/bin/c++       -v CMakeFiles/cmTC_32b5e.dir/CMakeCXXCompilerABI.cpp.o  -o cmTC_32b5e -rdynamic  ]
  ignore line: [Using built-in specs.]
  ignore line: [COLLECT_GCC=/usr/bin/c++]
  ignore line: [COLLECT_LTO_WRAPPER=/usr/lib/gcc/arm-linux-gnueabihf/4.7/lto-wrapper]
  ignore line: [Target: arm-linux-gnueabihf]
  ignore line: [Configured with: ../src/configure -v --with-pkgversion='Raspbian 4.7.3-11+rpi1' --with-bugurl=file:///usr/share/doc/gcc-4.7/README.Bugs --enable-languages=c,c++,go,fortran,objc,obj-c++ --prefix=/usr --program-suffix=-4.7 --enable-shared --enable-linker-build-id --libexecdir=/usr/lib --without-included-gettext --enable-threads=posix --with-gxx-include-dir=/usr/include/c++/4.7 --libdir=/usr/lib --enable-nls --with-sysroot=/ --enable-clocale=gnu --enable-libstdcxx-debug --enable-gnu-unique-object --disable-libmudflap --disable-libitm --enable-plugin --with-system-zlib --enable-objc-gc --enable-multiarch --disable-sjlj-exceptions --with-arch=armv6 --with-fpu=vfp --with-float=hard --enable-checking=release --build=arm-linux-gnueabihf --host=arm-linux-gnueabihf --target=arm-linux-gnueabihf]
  ignore line: [Thread model: posix]
  ignore line: [gcc version 4.7.3 (Raspbian 4.7.3-11+rpi1) ]
  ignore line: [COMPILER_PATH=/usr/lib/gcc/arm-linux-gnueabihf/4.7/:/usr/lib/gcc/arm-linux-gnueabihf/4.7/:/usr/lib/gcc/arm-linux-gnueabihf/:/usr/lib/gcc/arm-linux-gnueabihf/4.7/:/usr/lib/gcc/arm-linux-gnueabihf/]
  ignore line: [LIBRARY_PATH=/usr/lib/gcc/arm-linux-gnueabihf/4.7/:/usr/lib/gcc/arm-linux-gnueabihf/4.7/../../../arm-linux-gnueabihf/:/usr/lib/gcc/arm-linux-gnueabihf/4.7/../../../:/lib/arm-linux-gnueabihf/:/lib/:/usr/lib/arm-linux-gnueabihf/:/usr/lib/]
  ignore line: [COLLECT_GCC_OPTIONS='-v' '-o' 'cmTC_32b5e' '-rdynamic' '-shared-libgcc' '-march=armv6' '-mfloat-abi=hard' '-mfpu=vfp' '-mtls-dialect=gnu']
  link line: [ /usr/lib/gcc/arm-linux-gnueabihf/4.7/collect2 --sysroot=/ --build-id --eh-frame-hdr -export-dynamic -dynamic-linker /lib/ld-linux-armhf.so.3 -X --hash-style=gnu -m armelf_linux_eabi -o cmTC_32b5e /usr/lib/gcc/arm-linux-gnueabihf/4.7/../../../arm-linux-gnueabihf/crt1.o /usr/lib/gcc/arm-linux-gnueabihf/4.7/../../../arm-linux-gnueabihf/crti.o /usr/lib/gcc/arm-linux-gnueabihf/4.7/crtbegin.o -L/usr/lib/gcc/arm-linux-gnueabihf/4.7 -L/usr/lib/gcc/arm-linux-gnueabihf/4.7/../../../arm-linux-gnueabihf -L/usr/lib/gcc/arm-linux-gnueabihf/4.7/../../.. -L/lib/arm-linux-gnueabihf -L/usr/lib/arm-linux-gnueabihf CMakeFiles/cmTC_32b5e.dir/CMakeCXXCompilerABI.cpp.o -lstdc++ -lm -lgcc_s -lgcc -lc -lgcc_s -lgcc /usr/lib/gcc/arm-linux-gnueabihf/4.7/crtend.o /usr/lib/gcc/arm-linux-gnueabihf/4.7/../../../arm-linux-gnueabihf/crtn.o]
    arg [/usr/lib/gcc/arm-linux-gnueabihf/4.7/collect2] ==> ignore
    arg [--sysroot=/] ==> ignore
    arg [--build-id] ==> ignore
    arg [--eh-frame-hdr] ==> ignore
    arg [-export-dynamic] ==> ignore
    arg [-dynamic-linker] ==> ignore
    arg [/lib/ld-linux-armhf.so.3] ==> ignore
    arg [-X] ==> ignore
    arg [--hash-style=gnu] ==> ignore
    arg [-m] ==> ignore
    arg [armelf_linux_eabi] ==> ignore
    arg [-o] ==> ignore
    arg [cmTC_32b5e] ==> ignore
    arg [/usr/lib/gcc/arm-linux-gnueabihf/4.7/../../../arm-linux-gnueabihf/crt1.o] ==> ignore
    arg [/usr/lib/gcc/arm-linux-gnueabihf/4.7/../../../arm-linux-gnueabihf/crti.o] ==> ignore
    arg [/usr/lib/gcc/arm-linux-gnueabihf/4.7/crtbegin.o] ==> ignore
    arg [-L/usr/lib/gcc/arm-linux-gnueabihf/4.7] ==> dir [/usr/lib/gcc/arm-linux-gnueabihf/4.7]
    arg [-L/usr/lib/gcc/arm-linux-gnueabihf/4.7/../../../arm-linux-gnueabihf] ==> dir [/usr/lib/gcc/arm-linux-gnueabihf/4.7/../../../arm-linux-gnueabihf]
    arg [-L/usr/lib/gcc/arm-linux-gnueabihf/4.7/../../..] ==> dir [/usr/lib/gcc/arm-linux-gnueabihf/4.7/../../..]
    arg [-L/lib/arm-linux-gnueabihf] ==> dir [/lib/arm-linux-gnueabihf]
    arg [-L/usr/lib/arm-linux-gnueabihf] ==> dir [/usr/lib/arm-linux-gnueabihf]
    arg [CMakeFiles/cmTC_32b5e.dir/CMakeCXXCompilerABI.cpp.o] ==> ignore
    arg [-lstdc++] ==> lib [stdc++]
    arg [-lm] ==> lib [m]
    arg [-lgcc_s] ==> lib [gcc_s]
    arg [-lgcc] ==> lib [gcc]
    arg [-lc] ==> lib [c]
    arg [-lgcc_s] ==> lib [gcc_s]
    arg [-lgcc] ==> lib [gcc]
    arg [/usr/lib/gcc/arm-linux-gnueabihf/4.7/crtend.o] ==> ignore
    arg [/usr/lib/gcc/arm-linux-gnueabihf/4.7/../../../arm-linux-gnueabihf/crtn.o] ==> ignore
  remove lib [gcc_s]
  remove lib [gcc]
  remove lib [gcc_s]
  remove lib [gcc]
  collapse library dir [/usr/lib/gcc/arm-linux-gnueabihf/4.7] ==> [/usr/lib/gcc/arm-linux-gnueabihf/4.7]
  collapse library dir [/usr/lib/gcc/arm-linux-gnueabihf/4.7/../../../arm-linux-gnueabihf] ==> [/usr/lib/arm-linux-gnueabihf]
  collapse library dir [/usr/lib/gcc/arm-linux-gnueabihf/4.7/../../..] ==> [/usr/lib]
  collapse library dir [/lib/arm-linux-gnueabihf] ==> [/lib/arm-linux-gnueabihf]
  collapse library dir [/usr/lib/arm-linux-gnueabihf] ==> [/usr/lib/arm-linux-gnueabihf]
  implicit libs: [stdc++;m;c]
  implicit dirs: [/usr/lib/gcc/arm-linux-gnueabihf/4.7;/usr/lib/arm-linux-gnueabihf;/usr/lib;/lib/arm-linux-gnueabihf]
  implicit fwks: []




Detecting CXX [-std=c++11] compiler features compiled with the following output:
Change Dir: /home/pi/Documents/robomagellan/Codigos/Raspberry/ROS/catkin_Leticia/build/CMakeFiles/CMakeTmp

Run Build Command:"/usr/bin/make" "cmTC_970f5/fast"
/usr/bin/make -f CMakeFiles/cmTC_970f5.dir/build.make CMakeFiles/cmTC_970f5.dir/build
make[1]: Entering directory '/home/pi/Documents/robomagellan/Codigos/Raspberry/ROS/catkin_Leticia/build/CMakeFiles/CMakeTmp'
Building CXX object CMakeFiles/cmTC_970f5.dir/feature_tests.cxx.o
/usr/bin/c++     -std=c++11 -o CMakeFiles/cmTC_970f5.dir/feature_tests.cxx.o -c /home/pi/Documents/robomagellan/Codigos/Raspberry/ROS/catkin_Leticia/build/CMakeFiles/feature_tests.cxx
Linking CXX executable cmTC_970f5
/usr/bin/cmake -E cmake_link_script CMakeFiles/cmTC_970f5.dir/link.txt --verbose=1
/usr/bin/c++        CMakeFiles/cmTC_970f5.dir/feature_tests.cxx.o  -o cmTC_970f5 -rdynamic 
make[1]: Leaving directory '/home/pi/Documents/robomagellan/Codigos/Raspberry/ROS/catkin_Leticia/build/CMakeFiles/CMakeTmp'


    Feature record: CXX_FEATURE:0cxx_aggregate_default_initializers
    Feature record: CXX_FEATURE:1cxx_alias_templates
    Feature record: CXX_FEATURE:0cxx_alignas
    Feature record: CXX_FEATURE:0cxx_alignof
    Feature record: CXX_FEATURE:0cxx_attributes
    Feature record: CXX_FEATURE:0cxx_attribute_deprecated
    Feature record: CXX_FEATURE:1cxx_auto_type
    Feature record: CXX_FEATURE:0cxx_binary_literals
    Feature record: CXX_FEATURE:1cxx_constexpr
    Feature record: CXX_FEATURE:0cxx_contextual_conversions
    Feature record: CXX_FEATURE:1cxx_decltype
    Feature record: CXX_FEATURE:0cxx_decltype_auto
    Feature record: CXX_FEATURE:0cxx_decltype_incomplete_return_types
    Feature record: CXX_FEATURE:1cxx_default_function_template_args
    Feature record: CXX_FEATURE:1cxx_defaulted_functions
    Feature record: CXX_FEATURE:1cxx_defaulted_move_initializers
    Feature record: CXX_FEATURE:1cxx_delegating_constructors
    Feature record: CXX_FEATURE:1cxx_deleted_functions
    Feature record: CXX_FEATURE:0cxx_digit_separators
    Feature record: CXX_FEATURE:1cxx_enum_forward_declarations
    Feature record: CXX_FEATURE:1cxx_explicit_conversions
    Feature record: CXX_FEATURE:1cxx_extended_friend_declarations
    Feature record: CXX_FEATURE:1cxx_extern_templates
    Feature record: CXX_FEATURE:1cxx_final
    Feature record: CXX_FEATURE:1cxx_func_identifier
    Feature record: CXX_FEATURE:1cxx_generalized_initializers
    Feature record: CXX_FEATURE:0cxx_generic_lambdas
    Feature record: CXX_FEATURE:0cxx_inheriting_constructors
    Feature record: CXX_FEATURE:1cxx_inline_namespaces
    Feature record: CXX_FEATURE:1cxx_lambdas
    Feature record: CXX_FEATURE:0cxx_lambda_init_captures
    Feature record: CXX_FEATURE:1cxx_local_type_template_args
    Feature record: CXX_FEATURE:1cxx_long_long_type
    Feature record: CXX_FEATURE:1cxx_noexcept
    Feature record: CXX_FEATURE:1cxx_nonstatic_member_init
    Feature record: CXX_FEATURE:1cxx_nullptr
    Feature record: CXX_FEATURE:1cxx_override
    Feature record: CXX_FEATURE:1cxx_range_for
    Feature record: CXX_FEATURE:1cxx_raw_string_literals
    Feature record: CXX_FEATURE:0cxx_reference_qualified_functions
    Feature record: CXX_FEATURE:0cxx_relaxed_constexpr
    Feature record: CXX_FEATURE:0cxx_return_type_deduction
    Feature record: CXX_FEATURE:1cxx_right_angle_brackets
    Feature record: CXX_FEATURE:1cxx_rvalue_references
    Feature record: CXX_FEATURE:1cxx_sizeof_member
    Feature record: CXX_FEATURE:1cxx_static_assert
    Feature record: CXX_FEATURE:1cxx_strong_enums
    Feature record: CXX_FEATURE:1cxx_template_template_parameters
    Feature record: CXX_FEATURE:0cxx_thread_local
    Feature record: CXX_FEATURE:1cxx_trailing_return_types
    Feature record: CXX_FEATURE:1cxx_unicode_literals
    Feature record: CXX_FEATURE:1cxx_uniform_initialization
    Feature record: CXX_FEATURE:1cxx_unrestricted_unions
    Feature record: CXX_FEATURE:1cxx_user_literals
    Feature record: CXX_FEATURE:0cxx_variable_templates
    Feature record: CXX_FEATURE:1cxx_variadic_macros
    Feature record: CXX_FEATURE:1cxx_variadic_templates


Detecting CXX [-std=c++98] compiler features compiled with the following output:
Change Dir: /home/pi/Documents/robomagellan/Codigos/Raspberry/ROS/catkin_Leticia/build/CMakeFiles/CMakeTmp

Run Build Command:"/usr/bin/make" "cmTC_1e4d0/fast"
/usr/bin/make -f CMakeFiles/cmTC_1e4d0.dir/build.make CMakeFiles/cmTC_1e4d0.dir/build
make[1]: Entering directory '/home/pi/Documents/robomagellan/Codigos/Raspberry/ROS/catkin_Leticia/build/CMakeFiles/CMakeTmp'
Building CXX object CMakeFiles/cmTC_1e4d0.dir/feature_tests.cxx.o
/usr/bin/c++     -std=c++98 -o CMakeFiles/cmTC_1e4d0.dir/feature_tests.cxx.o -c /home/pi/Documents/robomagellan/Codigos/Raspberry/ROS/catkin_Leticia/build/CMakeFiles/feature_tests.cxx
Linking CXX executable cmTC_1e4d0
/usr/bin/cmake -E cmake_link_script CMakeFiles/cmTC_1e4d0.dir/link.txt --verbose=1
/usr/bin/c++        CMakeFiles/cmTC_1e4d0.dir/feature_tests.cxx.o  -o cmTC_1e4d0 -rdynamic 
make[1]: Leaving directory '/home/pi/Documents/robomagellan/Codigos/Raspberry/ROS/catkin_Leticia/build/CMakeFiles/CMakeTmp'


    Feature record: CXX_FEATURE:0cxx_aggregate_default_initializers
    Feature record: CXX_FEATURE:0cxx_alias_templates
    Feature record: CXX_FEATURE:0cxx_alignas
    Feature record: CXX_FEATURE:0cxx_alignof
    Feature record: CXX_FEATURE:0cxx_attributes
    Feature record: CXX_FEATURE:0cxx_attribute_deprecated
    Feature record: CXX_FEATURE:0cxx_auto_type
    Feature record: CXX_FEATURE:0cxx_binary_literals
    Feature record: CXX_FEATURE:0cxx_constexpr
    Feature record: CXX_FEATURE:0cxx_contextual_conversions
    Feature record: CXX_FEATURE:0cxx_decltype
    Feature record: CXX_FEATURE:0cxx_decltype_auto
    Feature record: CXX_FEATURE:0cxx_decltype_incomplete_return_types
    Feature record: CXX_FEATURE:0cxx_default_function_template_args
    Feature record: CXX_FEATURE:0cxx_defaulted_functions
    Feature record: CXX_FEATURE:0cxx_defaulted_move_initializers
    Feature record: CXX_FEATURE:0cxx_delegating_constructors
    Feature record: CXX_FEATURE:0cxx_deleted_functions
    Feature record: CXX_FEATURE:0cxx_digit_separators
    Feature record: CXX_FEATURE:0cxx_enum_forward_declarations
    Feature record: CXX_FEATURE:0cxx_explicit_conversions
    Feature record: CXX_FEATURE:0cxx_extended_friend_declarations
    Feature record: CXX_FEATURE:0cxx_extern_templates
    Feature record: CXX_FEATURE:0cxx_final
    Feature record: CXX_FEATURE:0cxx_func_identifier
    Feature record: CXX_FEATURE:0cxx_generalized_initializers
    Feature record: CXX_FEATURE:0cxx_generic_lambdas
    Feature record: CXX_FEATURE:0cxx_inheriting_constructors
    Feature record: CXX_FEATURE:0cxx_inline_namespaces
    Feature record: CXX_FEATURE:0cxx_lambdas
    Feature record: CXX_FEATURE:0cxx_lambda_init_captures
    Feature record: CXX_FEATURE:0cxx_local_type_template_args
    Feature record: CXX_FEATURE:0cxx_long_long_type
    Feature record: CXX_FEATURE:0cxx_noexcept
    Feature record: CXX_FEATURE:0cxx_nonstatic_member_init
    Feature record: CXX_FEATURE:0cxx_nullptr
    Feature record: CXX_FEATURE:0cxx_override
    Feature record: CXX_FEATURE:0cxx_range_for
    Feature record: CXX_FEATURE:0cxx_raw_string_literals
    Feature record: CXX_FEATURE:0cxx_reference_qualified_functions
    Feature record: CXX_FEATURE:0cxx_relaxed_constexpr
    Feature record: CXX_FEATURE:0cxx_return_type_deduction
    Feature record: CXX_FEATURE:0cxx_right_angle_brackets
    Feature record: CXX_FEATURE:0cxx_rvalue_references
    Feature record: CXX_FEATURE:0cxx_sizeof_member
    Feature record: CXX_FEATURE:0cxx_static_assert
    Feature record: CXX_FEATURE:0cxx_strong_enums
    Feature record: CXX_FEATURE:1cxx_template_template_parameters
    Feature record: CXX_FEATURE:0cxx_thread_local
    Feature record: CXX_FEATURE:0cxx_trailing_return_types
    Feature record: CXX_FEATURE:0cxx_unicode_literals
    Feature record: CXX_FEATURE:0cxx_uniform_initialization
    Feature record: CXX_FEATURE:0cxx_unrestricted_unions
    Feature record: CXX_FEATURE:0cxx_user_literals
    Feature record: CXX_FEATURE:0cxx_variable_templates
    Feature record: CXX_FEATURE:0cxx_variadic_macros
    Feature record: CXX_FEATURE:0cxx_variadic_templates
Determining if the include file pthread.h exists passed with the following output:
Change Dir: /home/pi/Documents/robomagellan/Codigos/Raspberry/ROS/catkin_Leticia/build/CMakeFiles/CMakeTmp

Run Build Command:"/usr/bin/make" "cmTC_eca78/fast"
/usr/bin/make -f CMakeFiles/cmTC_eca78.dir/build.make CMakeFiles/cmTC_eca78.dir/build
make[1]: Entering directory '/home/pi/Documents/robomagellan/Codigos/Raspberry/ROS/catkin_Leticia/build/CMakeFiles/CMakeTmp'
Building C object CMakeFiles/cmTC_eca78.dir/CheckIncludeFile.c.o
/usr/bin/cc     -o CMakeFiles/cmTC_eca78.dir/CheckIncludeFile.c.o   -c /home/pi/Documents/robomagellan/Codigos/Raspberry/ROS/catkin_Leticia/build/CMakeFiles/CMakeTmp/CheckIncludeFile.c
Linking C executable cmTC_eca78
/usr/bin/cmake -E cmake_link_script CMakeFiles/cmTC_eca78.dir/link.txt --verbose=1
/usr/bin/cc       CMakeFiles/cmTC_eca78.dir/CheckIncludeFile.c.o  -o cmTC_eca78 -rdynamic 
make[1]: Leaving directory '/home/pi/Documents/robomagellan/Codigos/Raspberry/ROS/catkin_Leticia/build/CMakeFiles/CMakeTmp'


Determining if the function pthread_create exists in the pthread passed with the following output:
Change Dir: /home/pi/Documents/robomagellan/Codigos/Raspberry/ROS/catkin_Leticia/build/CMakeFiles/CMakeTmp

Run Build Command:"/usr/bin/make" "cmTC_63531/fast"
/usr/bin/make -f CMakeFiles/cmTC_63531.dir/build.make CMakeFiles/cmTC_63531.dir/build
make[1]: Entering directory '/home/pi/Documents/robomagellan/Codigos/Raspberry/ROS/catkin_Leticia/build/CMakeFiles/CMakeTmp'
Building C object CMakeFiles/cmTC_63531.dir/CheckFunctionExists.c.o
/usr/bin/cc    -DCHECK_FUNCTION_EXISTS=pthread_create   -o CMakeFiles/cmTC_63531.dir/CheckFunctionExists.c.o   -c /usr/share/cmake-3.6/Modules/CheckFunctionExists.c
Linking C executable cmTC_63531
/usr/bin/cmake -E cmake_link_script CMakeFiles/cmTC_63531.dir/link.txt --verbose=1
/usr/bin/cc   -DCHECK_FUNCTION_EXISTS=pthread_create    CMakeFiles/cmTC_63531.dir/CheckFunctionExists.c.o  -o cmTC_63531 -rdynamic -lpthread 
make[1]: Leaving directory '/home/pi/Documents/robomagellan/Codigos/Raspberry/ROS/catkin_Leticia/build/CMakeFiles/CMakeTmp'


